0 info it worked if it ends with ok
1 verbose cli [ '/usr/local/Cellar/node/5.7.1/bin/node',
1 verbose cli   '/usr/local/bin/npm',
1 verbose cli   'install',
1 verbose cli   'node',
1 verbose cli   '--save' ]
2 info using npm@3.6.0
3 info using node@v5.7.1
4 silly loadCurrentTree Starting
5 silly install loadCurrentTree
6 silly install readLocalPackageData
7 silly fetchPackageMetaData node
8 silly fetchNamedPackageData node
9 silly mapToRegistry name node
10 silly mapToRegistry using default registry
11 silly mapToRegistry registry https://registry.npmjs.org/
12 silly mapToRegistry uri https://registry.npmjs.org/node
13 verbose get https://registry.npmjs.org/node not expired, no request
14 silly install normalizeTree
15 silly loadCurrentTree Finishing
16 silly loadIdealTree Starting
17 silly install loadIdealTree
18 silly cloneCurrentTree Starting
19 silly install cloneCurrentTreeToIdealTree
20 silly cloneCurrentTree Finishing
21 silly loadShrinkwrap Starting
22 silly install loadShrinkwrap
23 silly loadShrinkwrap Finishing
24 silly loadAllDepsIntoIdealTree Starting
25 silly install loadAllDepsIntoIdealTree
26 silly resolveWithNewModule node@0.0.0 checking installable status
27 silly cache add args [ 'node', null ]
28 verbose cache add spec node
29 silly cache add parsed spec Result {
29 silly cache add   raw: 'node',
29 silly cache add   scope: null,
29 silly cache add   name: 'node',
29 silly cache add   rawSpec: '',
29 silly cache add   spec: 'latest',
29 silly cache add   type: 'tag' }
30 silly addNamed node@latest
31 verbose addNamed "latest" is being treated as a dist-tag for node
32 info addNameTag [ 'node', 'latest' ]
33 silly mapToRegistry name node
34 silly mapToRegistry using default registry
35 silly mapToRegistry registry https://registry.npmjs.org/
36 silly mapToRegistry uri https://registry.npmjs.org/node
37 verbose addNameTag registry:https://registry.npmjs.org/node not in flight; fetching
38 verbose get https://registry.npmjs.org/node not expired, no request
39 silly addNameTag next cb for node with tag latest
40 silly addNamed node@0.0.0
41 verbose addNamed "0.0.0" is a plain semver version for node
42 warn deprecated node@0.0.0: To update or install node, go to http://nodejs.org/
43 silly cache afterAdd node@0.0.0
44 verbose afterAdd /Users/Brady/.npm/node/0.0.0/package/package.json not in flight; writing
45 verbose correctMkdir /Users/Brady/.npm correctMkdir not in flight; initializing
46 verbose afterAdd /Users/Brady/.npm/node/0.0.0/package/package.json written
47 silly loadAllDepsIntoIdealTree Finishing
48 silly idealTree:prePrune wineapp_solo_project@1.0.0
48 silly idealTree:prePrune ├── abbrev@1.0.7
48 silly idealTree:prePrune ├── accepts@1.2.13
48 silly idealTree:prePrune ├── align-text@0.1.4
48 silly idealTree:prePrune ├── angular-animate@1.5.3
48 silly idealTree:prePrune ├── angular-aria@1.5.3
48 silly idealTree:prePrune ├── angular-fullscreen@2.0.0
48 silly idealTree:prePrune ├── angular-material@1.0.7
48 silly idealTree:prePrune ├── angular-messages@1.5.3
48 silly idealTree:prePrune ├── angular-route@1.5.3
48 silly idealTree:prePrune ├── angular-sanitize@1.5.3
48 silly idealTree:prePrune ├── angular-swiper@0.3.2
48 silly idealTree:prePrune ├── angular-touch@1.5.3
48 silly idealTree:prePrune ├── angular@1.5.3
48 silly idealTree:prePrune ├── ansi-regex@2.0.0
48 silly idealTree:prePrune ├── ansi-styles@2.2.1
48 silly idealTree:prePrune ├─┬ argparse@0.1.16
48 silly idealTree:prePrune │ └── underscore.string@2.4.0
48 silly idealTree:prePrune ├── array-find-index@1.0.1
48 silly idealTree:prePrune ├── array-flatten@1.1.1
48 silly idealTree:prePrune ├── async@1.5.2
48 silly idealTree:prePrune ├── base64-url@1.2.1
48 silly idealTree:prePrune ├── bcrypt@0.8.5
48 silly idealTree:prePrune ├── bindings@1.2.1
48 silly idealTree:prePrune ├── bluebird@2.10.2
48 silly idealTree:prePrune ├── body-parser@1.15.0
48 silly idealTree:prePrune ├── browserify-zlib@0.1.4
48 silly idealTree:prePrune ├── bson@0.4.22
48 silly idealTree:prePrune ├── builtin-modules@1.1.1
48 silly idealTree:prePrune ├── bytes@2.2.0
48 silly idealTree:prePrune ├── camelcase-keys@2.1.0
48 silly idealTree:prePrune ├── camelcase@2.1.1
48 silly idealTree:prePrune ├── center-align@0.1.3
48 silly idealTree:prePrune ├── chalk@1.1.3
48 silly idealTree:prePrune ├── cliui@2.1.0
48 silly idealTree:prePrune ├── coffee-script@1.3.3
48 silly idealTree:prePrune ├── colors@0.6.2
48 silly idealTree:prePrune ├─┬ concat-stream@1.5.1
48 silly idealTree:prePrune │ ├── isarray@1.0.0
48 silly idealTree:prePrune │ └── readable-stream@2.0.6
48 silly idealTree:prePrune ├── connect-flash@0.1.1
48 silly idealTree:prePrune ├── connect-mongo@1.1.0
48 silly idealTree:prePrune ├── content-disposition@0.5.1
48 silly idealTree:prePrune ├── content-type@1.0.1
48 silly idealTree:prePrune ├─┬ cookie-parser@1.4.1
48 silly idealTree:prePrune │ └── cookie@0.2.3
48 silly idealTree:prePrune ├── cookie-signature@1.0.6
48 silly idealTree:prePrune ├── cookie@0.1.5
48 silly idealTree:prePrune ├── core-util-is@1.0.2
48 silly idealTree:prePrune ├── crc@3.4.0
48 silly idealTree:prePrune ├── dateformat@1.0.2-1.2.3
48 silly idealTree:prePrune ├── debug@2.2.0
48 silly idealTree:prePrune ├── decamelize@1.2.0
48 silly idealTree:prePrune ├── depd@1.1.0
48 silly idealTree:prePrune ├── destroy@1.0.4
48 silly idealTree:prePrune ├── ee-first@1.1.1
48 silly idealTree:prePrune ├── error-ex@1.3.0
48 silly idealTree:prePrune ├── es6-promise@3.0.2
48 silly idealTree:prePrune ├── escape-html@1.0.3
48 silly idealTree:prePrune ├── escape-string-regexp@1.0.5
48 silly idealTree:prePrune ├── esprima@1.0.4
48 silly idealTree:prePrune ├── etag@1.7.0
48 silly idealTree:prePrune ├── eventemitter2@0.4.14
48 silly idealTree:prePrune ├── exit@0.1.2
48 silly idealTree:prePrune ├── express-messages@1.0.0
48 silly idealTree:prePrune ├─┬ express-session@1.13.0
48 silly idealTree:prePrune │ └── cookie@0.2.3
48 silly idealTree:prePrune ├─┬ express@4.13.4
48 silly idealTree:prePrune │ └── qs@4.0.0
48 silly idealTree:prePrune ├── figures@1.5.0
48 silly idealTree:prePrune ├── file-sync-cmp@0.1.1
48 silly idealTree:prePrune ├── finalhandler@0.4.1
48 silly idealTree:prePrune ├── find-up@1.1.2
48 silly idealTree:prePrune ├─┬ findup-sync@0.1.3
48 silly idealTree:prePrune │ ├── glob@3.2.11
48 silly idealTree:prePrune │ ├── lodash@2.4.2
48 silly idealTree:prePrune │ └── minimatch@0.3.0
48 silly idealTree:prePrune ├── forwarded@0.1.0
48 silly idealTree:prePrune ├── fresh@0.3.0
48 silly idealTree:prePrune ├── get-stdin@4.0.1
48 silly idealTree:prePrune ├── getobject@0.1.0
48 silly idealTree:prePrune ├─┬ glob@3.1.21
48 silly idealTree:prePrune │ └── inherits@1.0.2
48 silly idealTree:prePrune ├── graceful-fs@1.2.3
48 silly idealTree:prePrune ├── grunt-contrib-copy@1.0.0
48 silly idealTree:prePrune ├─┬ grunt-contrib-uglify@1.0.1
48 silly idealTree:prePrune │ └── lodash@4.9.0
48 silly idealTree:prePrune ├─┬ grunt-legacy-log-utils@0.1.1
48 silly idealTree:prePrune │ ├── lodash@2.4.2
48 silly idealTree:prePrune │ └── underscore.string@2.3.3
48 silly idealTree:prePrune ├─┬ grunt-legacy-log@0.1.3
48 silly idealTree:prePrune │ ├── lodash@2.4.2
48 silly idealTree:prePrune │ └── underscore.string@2.3.3
48 silly idealTree:prePrune ├─┬ grunt-legacy-util@0.2.0
48 silly idealTree:prePrune │ └── async@0.1.22
48 silly idealTree:prePrune ├─┬ grunt@0.4.5
48 silly idealTree:prePrune │ ├── async@0.1.22
48 silly idealTree:prePrune │ └── iconv-lite@0.2.11
48 silly idealTree:prePrune ├── gzip-size@1.0.0
48 silly idealTree:prePrune ├── has-ansi@2.0.0
48 silly idealTree:prePrune ├── hooker@0.2.3
48 silly idealTree:prePrune ├── hooks-fixed@1.1.0
48 silly idealTree:prePrune ├── hosted-git-info@2.1.4
48 silly idealTree:prePrune ├── http-errors@1.4.0
48 silly idealTree:prePrune ├── iconv-lite@0.4.13
48 silly idealTree:prePrune ├── indent-string@2.1.0
48 silly idealTree:prePrune ├── inherits@2.0.1
48 silly idealTree:prePrune ├── ipaddr.js@1.0.5
48 silly idealTree:prePrune ├── is-arrayish@0.2.1
48 silly idealTree:prePrune ├── is-buffer@1.1.3
48 silly idealTree:prePrune ├── is-builtin-module@1.0.0
48 silly idealTree:prePrune ├── is-finite@1.0.1
48 silly idealTree:prePrune ├── is-utf8@0.2.1
48 silly idealTree:prePrune ├── isarray@0.0.1
48 silly idealTree:prePrune ├── jquery@2.2.3
48 silly idealTree:prePrune ├── js-yaml@2.0.5
48 silly idealTree:prePrune ├── kareem@1.0.1
48 silly idealTree:prePrune ├── kind-of@3.0.2
48 silly idealTree:prePrune ├── lazy-cache@1.0.3
48 silly idealTree:prePrune ├─┬ load-json-file@1.1.0
48 silly idealTree:prePrune │ └── graceful-fs@4.1.3
48 silly idealTree:prePrune ├── lodash@0.9.2
48 silly idealTree:prePrune ├── longest@1.0.1
48 silly idealTree:prePrune ├── loud-rejection@1.3.0
48 silly idealTree:prePrune ├── lru-cache@2.7.3
48 silly idealTree:prePrune ├── map-obj@1.0.1
48 silly idealTree:prePrune ├── maxmin@1.1.0
48 silly idealTree:prePrune ├── media-typer@0.3.0
48 silly idealTree:prePrune ├── meow@3.7.0
48 silly idealTree:prePrune ├── merge-descriptors@1.0.1
48 silly idealTree:prePrune ├── methods@1.1.2
48 silly idealTree:prePrune ├── mime-db@1.22.0
48 silly idealTree:prePrune ├── mime-types@2.1.10
48 silly idealTree:prePrune ├── mime@1.3.4
48 silly idealTree:prePrune ├── minimatch@0.2.14
48 silly idealTree:prePrune ├── minimist@1.2.0
48 silly idealTree:prePrune ├── mongodb-core@1.3.13
48 silly idealTree:prePrune ├── mongodb@2.1.14
48 silly idealTree:prePrune ├── mongoose@4.4.11
48 silly idealTree:prePrune ├── mpath@0.2.1
48 silly idealTree:prePrune ├── mpromise@0.5.5
48 silly idealTree:prePrune ├─┬ mquery@1.10.0
48 silly idealTree:prePrune │ └── sliced@0.0.5
48 silly idealTree:prePrune ├── ms@0.7.1
48 silly idealTree:prePrune ├── muri@1.1.0
48 silly idealTree:prePrune ├── nan@2.0.5
48 silly idealTree:prePrune ├── negotiator@0.5.3
48 silly idealTree:prePrune ├── node@0.0.0
48 silly idealTree:prePrune ├── nopt@1.0.10
48 silly idealTree:prePrune ├── normalize-package-data@2.3.5
48 silly idealTree:prePrune ├── number-is-nan@1.0.0
48 silly idealTree:prePrune ├── object-assign@4.0.1
48 silly idealTree:prePrune ├── on-finished@2.3.0
48 silly idealTree:prePrune ├── on-headers@1.0.1
48 silly idealTree:prePrune ├── pako@0.2.8
48 silly idealTree:prePrune ├── parse-json@2.2.0
48 silly idealTree:prePrune ├── parseurl@1.3.1
48 silly idealTree:prePrune ├── passport-local@1.0.0
48 silly idealTree:prePrune ├─┬ passport-remember-me@0.0.1
48 silly idealTree:prePrune │ └── passport@0.1.18
48 silly idealTree:prePrune ├── passport-strategy@1.0.0
48 silly idealTree:prePrune ├── passport@0.3.2
48 silly idealTree:prePrune ├── path-exists@2.1.0
48 silly idealTree:prePrune ├── path-to-regexp@0.1.7
48 silly idealTree:prePrune ├─┬ path-type@1.1.0
48 silly idealTree:prePrune │ └── graceful-fs@4.1.3
48 silly idealTree:prePrune ├── path@0.12.7
48 silly idealTree:prePrune ├── pause@0.0.1
48 silly idealTree:prePrune ├── pify@2.3.0
48 silly idealTree:prePrune ├── pinkie-promise@2.0.0
48 silly idealTree:prePrune ├── pinkie@2.0.4
48 silly idealTree:prePrune ├── pkginfo@0.2.3
48 silly idealTree:prePrune ├── pretty-bytes@1.0.4
48 silly idealTree:prePrune ├── process-nextick-args@1.0.6
48 silly idealTree:prePrune ├── process@0.11.2
48 silly idealTree:prePrune ├── proxy-addr@1.0.10
48 silly idealTree:prePrune ├── qs@6.1.0
48 silly idealTree:prePrune ├── range-parser@1.0.3
48 silly idealTree:prePrune ├─┬ raw-body@2.1.6
48 silly idealTree:prePrune │ └── bytes@2.3.0
48 silly idealTree:prePrune ├── read-pkg-up@1.0.1
48 silly idealTree:prePrune ├── read-pkg@1.1.0
48 silly idealTree:prePrune ├── readable-stream@1.0.31
48 silly idealTree:prePrune ├── redent@1.0.0
48 silly idealTree:prePrune ├── regexp-clone@0.0.1
48 silly idealTree:prePrune ├── repeat-string@1.5.4
48 silly idealTree:prePrune ├── repeating@2.0.0
48 silly idealTree:prePrune ├── require_optional@1.0.0
48 silly idealTree:prePrune ├── resolve-from@2.0.0
48 silly idealTree:prePrune ├── right-align@0.1.3
48 silly idealTree:prePrune ├── rimraf@2.2.8
48 silly idealTree:prePrune ├── screenfull@2.0.0
48 silly idealTree:prePrune ├── semver@5.1.0
48 silly idealTree:prePrune ├─┬ send@0.13.1
48 silly idealTree:prePrune │ └── http-errors@1.3.1
48 silly idealTree:prePrune ├── serve-static@1.10.2
48 silly idealTree:prePrune ├── sigmund@1.0.1
48 silly idealTree:prePrune ├── signal-exit@2.1.2
48 silly idealTree:prePrune ├── sliced@1.0.1
48 silly idealTree:prePrune ├── source-map@0.5.3
48 silly idealTree:prePrune ├── spdx-correct@1.0.2
48 silly idealTree:prePrune ├── spdx-exceptions@1.0.4
48 silly idealTree:prePrune ├── spdx-expression-parse@1.0.2
48 silly idealTree:prePrune ├── spdx-license-ids@1.2.1
48 silly idealTree:prePrune ├── statuses@1.2.1
48 silly idealTree:prePrune ├── string_decoder@0.10.31
48 silly idealTree:prePrune ├── strip-ansi@3.0.1
48 silly idealTree:prePrune ├── strip-bom@2.0.0
48 silly idealTree:prePrune ├── strip-indent@1.0.1
48 silly idealTree:prePrune ├── supports-color@2.0.0
48 silly idealTree:prePrune ├── trim-newlines@1.0.0
48 silly idealTree:prePrune ├── type-is@1.6.12
48 silly idealTree:prePrune ├── typedarray@0.0.6
48 silly idealTree:prePrune ├─┬ uglify-js@2.6.2
48 silly idealTree:prePrune │ └── async@0.2.10
48 silly idealTree:prePrune ├── uglify-to-browserify@1.0.2
48 silly idealTree:prePrune ├── uid-safe@2.0.0
48 silly idealTree:prePrune ├── underscore.string@2.2.1
48 silly idealTree:prePrune ├── underscore@1.7.0
48 silly idealTree:prePrune ├── unpipe@1.0.0
48 silly idealTree:prePrune ├── uri-path@1.0.0
48 silly idealTree:prePrune ├── util-deprecate@1.0.2
48 silly idealTree:prePrune ├── util@0.10.3
48 silly idealTree:prePrune ├── utils-merge@1.0.0
48 silly idealTree:prePrune ├── validate-npm-package-license@3.0.1
48 silly idealTree:prePrune ├── vary@1.0.1
48 silly idealTree:prePrune ├── which@1.0.9
48 silly idealTree:prePrune ├── window-size@0.1.0
48 silly idealTree:prePrune ├── wordwrap@0.0.2
48 silly idealTree:prePrune └─┬ yargs@3.10.0
48 silly idealTree:prePrune   └── camelcase@1.2.1
49 silly loadIdealTree Finishing
50 silly currentTree wineapp_solo_project@1.0.0
50 silly currentTree ├── abbrev@1.0.7
50 silly currentTree ├── accepts@1.2.13
50 silly currentTree ├── align-text@0.1.4
50 silly currentTree ├── angular-animate@1.5.3
50 silly currentTree ├── angular-aria@1.5.3
50 silly currentTree ├── angular-fullscreen@2.0.0
50 silly currentTree ├── angular-material@1.0.7
50 silly currentTree ├── angular-messages@1.5.3
50 silly currentTree ├── angular-route@1.5.3
50 silly currentTree ├── angular-sanitize@1.5.3
50 silly currentTree ├── angular-swiper@0.3.2
50 silly currentTree ├── angular-touch@1.5.3
50 silly currentTree ├── angular@1.5.3
50 silly currentTree ├── ansi-regex@2.0.0
50 silly currentTree ├── ansi-styles@2.2.1
50 silly currentTree ├─┬ argparse@0.1.16
50 silly currentTree │ └── underscore.string@2.4.0
50 silly currentTree ├── array-find-index@1.0.1
50 silly currentTree ├── array-flatten@1.1.1
50 silly currentTree ├── async@1.5.2
50 silly currentTree ├── base64-url@1.2.1
50 silly currentTree ├── bcrypt@0.8.5
50 silly currentTree ├── bindings@1.2.1
50 silly currentTree ├── bluebird@2.10.2
50 silly currentTree ├── body-parser@1.15.0
50 silly currentTree ├── browserify-zlib@0.1.4
50 silly currentTree ├── bson@0.4.22
50 silly currentTree ├── builtin-modules@1.1.1
50 silly currentTree ├── bytes@2.2.0
50 silly currentTree ├── camelcase-keys@2.1.0
50 silly currentTree ├── camelcase@2.1.1
50 silly currentTree ├── center-align@0.1.3
50 silly currentTree ├── chalk@1.1.3
50 silly currentTree ├── cliui@2.1.0
50 silly currentTree ├── coffee-script@1.3.3
50 silly currentTree ├── colors@0.6.2
50 silly currentTree ├─┬ concat-stream@1.5.1
50 silly currentTree │ ├── isarray@1.0.0
50 silly currentTree │ └── readable-stream@2.0.6
50 silly currentTree ├── connect-flash@0.1.1
50 silly currentTree ├── connect-mongo@1.1.0
50 silly currentTree ├── content-disposition@0.5.1
50 silly currentTree ├── content-type@1.0.1
50 silly currentTree ├─┬ cookie-parser@1.4.1
50 silly currentTree │ └── cookie@0.2.3
50 silly currentTree ├── cookie-signature@1.0.6
50 silly currentTree ├── cookie@0.1.5
50 silly currentTree ├── core-util-is@1.0.2
50 silly currentTree ├── crc@3.4.0
50 silly currentTree ├── dateformat@1.0.2-1.2.3
50 silly currentTree ├── debug@2.2.0
50 silly currentTree ├── decamelize@1.2.0
50 silly currentTree ├── depd@1.1.0
50 silly currentTree ├── destroy@1.0.4
50 silly currentTree ├── ee-first@1.1.1
50 silly currentTree ├── error-ex@1.3.0
50 silly currentTree ├── es6-promise@3.0.2
50 silly currentTree ├── escape-html@1.0.3
50 silly currentTree ├── escape-string-regexp@1.0.5
50 silly currentTree ├── esprima@1.0.4
50 silly currentTree ├── etag@1.7.0
50 silly currentTree ├── eventemitter2@0.4.14
50 silly currentTree ├── exit@0.1.2
50 silly currentTree ├── express-messages@1.0.0
50 silly currentTree ├─┬ express-session@1.13.0
50 silly currentTree │ └── cookie@0.2.3
50 silly currentTree ├─┬ express@4.13.4
50 silly currentTree │ └── qs@4.0.0
50 silly currentTree ├── figures@1.5.0
50 silly currentTree ├── file-sync-cmp@0.1.1
50 silly currentTree ├── finalhandler@0.4.1
50 silly currentTree ├── find-up@1.1.2
50 silly currentTree ├─┬ findup-sync@0.1.3
50 silly currentTree │ ├── glob@3.2.11
50 silly currentTree │ ├── lodash@2.4.2
50 silly currentTree │ └── minimatch@0.3.0
50 silly currentTree ├── forwarded@0.1.0
50 silly currentTree ├── fresh@0.3.0
50 silly currentTree ├── get-stdin@4.0.1
50 silly currentTree ├── getobject@0.1.0
50 silly currentTree ├─┬ glob@3.1.21
50 silly currentTree │ └── inherits@1.0.2
50 silly currentTree ├── graceful-fs@1.2.3
50 silly currentTree ├── grunt-contrib-copy@1.0.0
50 silly currentTree ├─┬ grunt-contrib-uglify@1.0.1
50 silly currentTree │ └── lodash@4.9.0
50 silly currentTree ├─┬ grunt-legacy-log-utils@0.1.1
50 silly currentTree │ ├── lodash@2.4.2
50 silly currentTree │ └── underscore.string@2.3.3
50 silly currentTree ├─┬ grunt-legacy-log@0.1.3
50 silly currentTree │ ├── lodash@2.4.2
50 silly currentTree │ └── underscore.string@2.3.3
50 silly currentTree ├─┬ grunt-legacy-util@0.2.0
50 silly currentTree │ └── async@0.1.22
50 silly currentTree ├─┬ grunt@0.4.5
50 silly currentTree │ ├── async@0.1.22
50 silly currentTree │ └── iconv-lite@0.2.11
50 silly currentTree ├── gzip-size@1.0.0
50 silly currentTree ├── has-ansi@2.0.0
50 silly currentTree ├── hooker@0.2.3
50 silly currentTree ├── hooks-fixed@1.1.0
50 silly currentTree ├── hosted-git-info@2.1.4
50 silly currentTree ├── http-errors@1.4.0
50 silly currentTree ├── iconv-lite@0.4.13
50 silly currentTree ├── indent-string@2.1.0
50 silly currentTree ├── inherits@2.0.1
50 silly currentTree ├── ipaddr.js@1.0.5
50 silly currentTree ├── is-arrayish@0.2.1
50 silly currentTree ├── is-buffer@1.1.3
50 silly currentTree ├── is-builtin-module@1.0.0
50 silly currentTree ├── is-finite@1.0.1
50 silly currentTree ├── is-utf8@0.2.1
50 silly currentTree ├── isarray@0.0.1
50 silly currentTree ├── jquery@2.2.3
50 silly currentTree ├── js-yaml@2.0.5
50 silly currentTree ├── kareem@1.0.1
50 silly currentTree ├── kind-of@3.0.2
50 silly currentTree ├── lazy-cache@1.0.3
50 silly currentTree ├─┬ load-json-file@1.1.0
50 silly currentTree │ └── graceful-fs@4.1.3
50 silly currentTree ├── lodash@0.9.2
50 silly currentTree ├── longest@1.0.1
50 silly currentTree ├── loud-rejection@1.3.0
50 silly currentTree ├── lru-cache@2.7.3
50 silly currentTree ├── map-obj@1.0.1
50 silly currentTree ├── maxmin@1.1.0
50 silly currentTree ├── media-typer@0.3.0
50 silly currentTree ├── meow@3.7.0
50 silly currentTree ├── merge-descriptors@1.0.1
50 silly currentTree ├── methods@1.1.2
50 silly currentTree ├── mime-db@1.22.0
50 silly currentTree ├── mime-types@2.1.10
50 silly currentTree ├── mime@1.3.4
50 silly currentTree ├── minimatch@0.2.14
50 silly currentTree ├── minimist@1.2.0
50 silly currentTree ├── mongodb-core@1.3.13
50 silly currentTree ├── mongodb@2.1.14
50 silly currentTree ├── mongoose@4.4.11
50 silly currentTree ├── mpath@0.2.1
50 silly currentTree ├── mpromise@0.5.5
50 silly currentTree ├─┬ mquery@1.10.0
50 silly currentTree │ └── sliced@0.0.5
50 silly currentTree ├── ms@0.7.1
50 silly currentTree ├── muri@1.1.0
50 silly currentTree ├── nan@2.0.5
50 silly currentTree ├── negotiator@0.5.3
50 silly currentTree ├── nopt@1.0.10
50 silly currentTree ├── normalize-package-data@2.3.5
50 silly currentTree ├── number-is-nan@1.0.0
50 silly currentTree ├── object-assign@4.0.1
50 silly currentTree ├── on-finished@2.3.0
50 silly currentTree ├── on-headers@1.0.1
50 silly currentTree ├── pako@0.2.8
50 silly currentTree ├── parse-json@2.2.0
50 silly currentTree ├── parseurl@1.3.1
50 silly currentTree ├── passport-local@1.0.0
50 silly currentTree ├─┬ passport-remember-me@0.0.1
50 silly currentTree │ └── passport@0.1.18
50 silly currentTree ├── passport-strategy@1.0.0
50 silly currentTree ├── passport@0.3.2
50 silly currentTree ├── path-exists@2.1.0
50 silly currentTree ├── path-to-regexp@0.1.7
50 silly currentTree ├─┬ path-type@1.1.0
50 silly currentTree │ └── graceful-fs@4.1.3
50 silly currentTree ├── path@0.12.7
50 silly currentTree ├── pause@0.0.1
50 silly currentTree ├── pify@2.3.0
50 silly currentTree ├── pinkie-promise@2.0.0
50 silly currentTree ├── pinkie@2.0.4
50 silly currentTree ├── pkginfo@0.2.3
50 silly currentTree ├── pretty-bytes@1.0.4
50 silly currentTree ├── process-nextick-args@1.0.6
50 silly currentTree ├── process@0.11.2
50 silly currentTree ├── proxy-addr@1.0.10
50 silly currentTree ├── qs@6.1.0
50 silly currentTree ├── range-parser@1.0.3
50 silly currentTree ├─┬ raw-body@2.1.6
50 silly currentTree │ └── bytes@2.3.0
50 silly currentTree ├── read-pkg-up@1.0.1
50 silly currentTree ├── read-pkg@1.1.0
50 silly currentTree ├── readable-stream@1.0.31
50 silly currentTree ├── redent@1.0.0
50 silly currentTree ├── regexp-clone@0.0.1
50 silly currentTree ├── repeat-string@1.5.4
50 silly currentTree ├── repeating@2.0.0
50 silly currentTree ├── require_optional@1.0.0
50 silly currentTree ├── resolve-from@2.0.0
50 silly currentTree ├── right-align@0.1.3
50 silly currentTree ├── rimraf@2.2.8
50 silly currentTree ├── screenfull@2.0.0
50 silly currentTree ├── semver@5.1.0
50 silly currentTree ├─┬ send@0.13.1
50 silly currentTree │ └── http-errors@1.3.1
50 silly currentTree ├── serve-static@1.10.2
50 silly currentTree ├── sigmund@1.0.1
50 silly currentTree ├── signal-exit@2.1.2
50 silly currentTree ├── sliced@1.0.1
50 silly currentTree ├── source-map@0.5.3
50 silly currentTree ├── spdx-correct@1.0.2
50 silly currentTree ├── spdx-exceptions@1.0.4
50 silly currentTree ├── spdx-expression-parse@1.0.2
50 silly currentTree ├── spdx-license-ids@1.2.1
50 silly currentTree ├── statuses@1.2.1
50 silly currentTree ├── string_decoder@0.10.31
50 silly currentTree ├── strip-ansi@3.0.1
50 silly currentTree ├── strip-bom@2.0.0
50 silly currentTree ├── strip-indent@1.0.1
50 silly currentTree ├── supports-color@2.0.0
50 silly currentTree ├── trim-newlines@1.0.0
50 silly currentTree ├── type-is@1.6.12
50 silly currentTree ├── typedarray@0.0.6
50 silly currentTree ├─┬ uglify-js@2.6.2
50 silly currentTree │ └── async@0.2.10
50 silly currentTree ├── uglify-to-browserify@1.0.2
50 silly currentTree ├── uid-safe@2.0.0
50 silly currentTree ├── underscore.string@2.2.1
50 silly currentTree ├── underscore@1.7.0
50 silly currentTree ├── unpipe@1.0.0
50 silly currentTree ├── uri-path@1.0.0
50 silly currentTree ├── util-deprecate@1.0.2
50 silly currentTree ├── util@0.10.3
50 silly currentTree ├── utils-merge@1.0.0
50 silly currentTree ├── validate-npm-package-license@3.0.1
50 silly currentTree ├── vary@1.0.1
50 silly currentTree ├── which@1.0.9
50 silly currentTree ├── window-size@0.1.0
50 silly currentTree ├── wordwrap@0.0.2
50 silly currentTree └─┬ yargs@3.10.0
50 silly currentTree   └── camelcase@1.2.1
51 silly idealTree wineapp_solo_project@1.0.0
51 silly idealTree ├── abbrev@1.0.7
51 silly idealTree ├── accepts@1.2.13
51 silly idealTree ├── align-text@0.1.4
51 silly idealTree ├── angular-animate@1.5.3
51 silly idealTree ├── angular-aria@1.5.3
51 silly idealTree ├── angular-fullscreen@2.0.0
51 silly idealTree ├── angular-material@1.0.7
51 silly idealTree ├── angular-messages@1.5.3
51 silly idealTree ├── angular-route@1.5.3
51 silly idealTree ├── angular-sanitize@1.5.3
51 silly idealTree ├── angular-swiper@0.3.2
51 silly idealTree ├── angular-touch@1.5.3
51 silly idealTree ├── angular@1.5.3
51 silly idealTree ├── ansi-regex@2.0.0
51 silly idealTree ├── ansi-styles@2.2.1
51 silly idealTree ├─┬ argparse@0.1.16
51 silly idealTree │ └── underscore.string@2.4.0
51 silly idealTree ├── array-find-index@1.0.1
51 silly idealTree ├── array-flatten@1.1.1
51 silly idealTree ├── async@1.5.2
51 silly idealTree ├── base64-url@1.2.1
51 silly idealTree ├── bcrypt@0.8.5
51 silly idealTree ├── bindings@1.2.1
51 silly idealTree ├── bluebird@2.10.2
51 silly idealTree ├── body-parser@1.15.0
51 silly idealTree ├── browserify-zlib@0.1.4
51 silly idealTree ├── bson@0.4.22
51 silly idealTree ├── builtin-modules@1.1.1
51 silly idealTree ├── bytes@2.2.0
51 silly idealTree ├── camelcase-keys@2.1.0
51 silly idealTree ├── camelcase@2.1.1
51 silly idealTree ├── center-align@0.1.3
51 silly idealTree ├── chalk@1.1.3
51 silly idealTree ├── cliui@2.1.0
51 silly idealTree ├── coffee-script@1.3.3
51 silly idealTree ├── colors@0.6.2
51 silly idealTree ├─┬ concat-stream@1.5.1
51 silly idealTree │ ├── isarray@1.0.0
51 silly idealTree │ └── readable-stream@2.0.6
51 silly idealTree ├── connect-flash@0.1.1
51 silly idealTree ├── connect-mongo@1.1.0
51 silly idealTree ├── content-disposition@0.5.1
51 silly idealTree ├── content-type@1.0.1
51 silly idealTree ├─┬ cookie-parser@1.4.1
51 silly idealTree │ └── cookie@0.2.3
51 silly idealTree ├── cookie-signature@1.0.6
51 silly idealTree ├── cookie@0.1.5
51 silly idealTree ├── core-util-is@1.0.2
51 silly idealTree ├── crc@3.4.0
51 silly idealTree ├── dateformat@1.0.2-1.2.3
51 silly idealTree ├── debug@2.2.0
51 silly idealTree ├── decamelize@1.2.0
51 silly idealTree ├── depd@1.1.0
51 silly idealTree ├── destroy@1.0.4
51 silly idealTree ├── ee-first@1.1.1
51 silly idealTree ├── error-ex@1.3.0
51 silly idealTree ├── es6-promise@3.0.2
51 silly idealTree ├── escape-html@1.0.3
51 silly idealTree ├── escape-string-regexp@1.0.5
51 silly idealTree ├── esprima@1.0.4
51 silly idealTree ├── etag@1.7.0
51 silly idealTree ├── eventemitter2@0.4.14
51 silly idealTree ├── exit@0.1.2
51 silly idealTree ├── express-messages@1.0.0
51 silly idealTree ├─┬ express-session@1.13.0
51 silly idealTree │ └── cookie@0.2.3
51 silly idealTree ├─┬ express@4.13.4
51 silly idealTree │ └── qs@4.0.0
51 silly idealTree ├── figures@1.5.0
51 silly idealTree ├── file-sync-cmp@0.1.1
51 silly idealTree ├── finalhandler@0.4.1
51 silly idealTree ├── find-up@1.1.2
51 silly idealTree ├─┬ findup-sync@0.1.3
51 silly idealTree │ ├── glob@3.2.11
51 silly idealTree │ ├── lodash@2.4.2
51 silly idealTree │ └── minimatch@0.3.0
51 silly idealTree ├── forwarded@0.1.0
51 silly idealTree ├── fresh@0.3.0
51 silly idealTree ├── get-stdin@4.0.1
51 silly idealTree ├── getobject@0.1.0
51 silly idealTree ├─┬ glob@3.1.21
51 silly idealTree │ └── inherits@1.0.2
51 silly idealTree ├── graceful-fs@1.2.3
51 silly idealTree ├── grunt-contrib-copy@1.0.0
51 silly idealTree ├─┬ grunt-contrib-uglify@1.0.1
51 silly idealTree │ └── lodash@4.9.0
51 silly idealTree ├─┬ grunt-legacy-log-utils@0.1.1
51 silly idealTree │ ├── lodash@2.4.2
51 silly idealTree │ └── underscore.string@2.3.3
51 silly idealTree ├─┬ grunt-legacy-log@0.1.3
51 silly idealTree │ ├── lodash@2.4.2
51 silly idealTree │ └── underscore.string@2.3.3
51 silly idealTree ├─┬ grunt-legacy-util@0.2.0
51 silly idealTree │ └── async@0.1.22
51 silly idealTree ├─┬ grunt@0.4.5
51 silly idealTree │ ├── async@0.1.22
51 silly idealTree │ └── iconv-lite@0.2.11
51 silly idealTree ├── gzip-size@1.0.0
51 silly idealTree ├── has-ansi@2.0.0
51 silly idealTree ├── hooker@0.2.3
51 silly idealTree ├── hooks-fixed@1.1.0
51 silly idealTree ├── hosted-git-info@2.1.4
51 silly idealTree ├── http-errors@1.4.0
51 silly idealTree ├── iconv-lite@0.4.13
51 silly idealTree ├── indent-string@2.1.0
51 silly idealTree ├── inherits@2.0.1
51 silly idealTree ├── ipaddr.js@1.0.5
51 silly idealTree ├── is-arrayish@0.2.1
51 silly idealTree ├── is-buffer@1.1.3
51 silly idealTree ├── is-builtin-module@1.0.0
51 silly idealTree ├── is-finite@1.0.1
51 silly idealTree ├── is-utf8@0.2.1
51 silly idealTree ├── isarray@0.0.1
51 silly idealTree ├── jquery@2.2.3
51 silly idealTree ├── js-yaml@2.0.5
51 silly idealTree ├── kareem@1.0.1
51 silly idealTree ├── kind-of@3.0.2
51 silly idealTree ├── lazy-cache@1.0.3
51 silly idealTree ├─┬ load-json-file@1.1.0
51 silly idealTree │ └── graceful-fs@4.1.3
51 silly idealTree ├── lodash@0.9.2
51 silly idealTree ├── longest@1.0.1
51 silly idealTree ├── loud-rejection@1.3.0
51 silly idealTree ├── lru-cache@2.7.3
51 silly idealTree ├── map-obj@1.0.1
51 silly idealTree ├── maxmin@1.1.0
51 silly idealTree ├── media-typer@0.3.0
51 silly idealTree ├── meow@3.7.0
51 silly idealTree ├── merge-descriptors@1.0.1
51 silly idealTree ├── methods@1.1.2
51 silly idealTree ├── mime-db@1.22.0
51 silly idealTree ├── mime-types@2.1.10
51 silly idealTree ├── mime@1.3.4
51 silly idealTree ├── minimatch@0.2.14
51 silly idealTree ├── minimist@1.2.0
51 silly idealTree ├── mongodb-core@1.3.13
51 silly idealTree ├── mongodb@2.1.14
51 silly idealTree ├── mongoose@4.4.11
51 silly idealTree ├── mpath@0.2.1
51 silly idealTree ├── mpromise@0.5.5
51 silly idealTree ├─┬ mquery@1.10.0
51 silly idealTree │ └── sliced@0.0.5
51 silly idealTree ├── ms@0.7.1
51 silly idealTree ├── muri@1.1.0
51 silly idealTree ├── nan@2.0.5
51 silly idealTree ├── negotiator@0.5.3
51 silly idealTree ├── node@0.0.0
51 silly idealTree ├── nopt@1.0.10
51 silly idealTree ├── normalize-package-data@2.3.5
51 silly idealTree ├── number-is-nan@1.0.0
51 silly idealTree ├── object-assign@4.0.1
51 silly idealTree ├── on-finished@2.3.0
51 silly idealTree ├── on-headers@1.0.1
51 silly idealTree ├── pako@0.2.8
51 silly idealTree ├── parse-json@2.2.0
51 silly idealTree ├── parseurl@1.3.1
51 silly idealTree ├── passport-local@1.0.0
51 silly idealTree ├─┬ passport-remember-me@0.0.1
51 silly idealTree │ └── passport@0.1.18
51 silly idealTree ├── passport-strategy@1.0.0
51 silly idealTree ├── passport@0.3.2
51 silly idealTree ├── path-exists@2.1.0
51 silly idealTree ├── path-to-regexp@0.1.7
51 silly idealTree ├─┬ path-type@1.1.0
51 silly idealTree │ └── graceful-fs@4.1.3
51 silly idealTree ├── path@0.12.7
51 silly idealTree ├── pause@0.0.1
51 silly idealTree ├── pify@2.3.0
51 silly idealTree ├── pinkie-promise@2.0.0
51 silly idealTree ├── pinkie@2.0.4
51 silly idealTree ├── pkginfo@0.2.3
51 silly idealTree ├── pretty-bytes@1.0.4
51 silly idealTree ├── process-nextick-args@1.0.6
51 silly idealTree ├── process@0.11.2
51 silly idealTree ├── proxy-addr@1.0.10
51 silly idealTree ├── qs@6.1.0
51 silly idealTree ├── range-parser@1.0.3
51 silly idealTree ├─┬ raw-body@2.1.6
51 silly idealTree │ └── bytes@2.3.0
51 silly idealTree ├── read-pkg-up@1.0.1
51 silly idealTree ├── read-pkg@1.1.0
51 silly idealTree ├── readable-stream@1.0.31
51 silly idealTree ├── redent@1.0.0
51 silly idealTree ├── regexp-clone@0.0.1
51 silly idealTree ├── repeat-string@1.5.4
51 silly idealTree ├── repeating@2.0.0
51 silly idealTree ├── require_optional@1.0.0
51 silly idealTree ├── resolve-from@2.0.0
51 silly idealTree ├── right-align@0.1.3
51 silly idealTree ├── rimraf@2.2.8
51 silly idealTree ├── screenfull@2.0.0
51 silly idealTree ├── semver@5.1.0
51 silly idealTree ├─┬ send@0.13.1
51 silly idealTree │ └── http-errors@1.3.1
51 silly idealTree ├── serve-static@1.10.2
51 silly idealTree ├── sigmund@1.0.1
51 silly idealTree ├── signal-exit@2.1.2
51 silly idealTree ├── sliced@1.0.1
51 silly idealTree ├── source-map@0.5.3
51 silly idealTree ├── spdx-correct@1.0.2
51 silly idealTree ├── spdx-exceptions@1.0.4
51 silly idealTree ├── spdx-expression-parse@1.0.2
51 silly idealTree ├── spdx-license-ids@1.2.1
51 silly idealTree ├── statuses@1.2.1
51 silly idealTree ├── string_decoder@0.10.31
51 silly idealTree ├── strip-ansi@3.0.1
51 silly idealTree ├── strip-bom@2.0.0
51 silly idealTree ├── strip-indent@1.0.1
51 silly idealTree ├── supports-color@2.0.0
51 silly idealTree ├── trim-newlines@1.0.0
51 silly idealTree ├── type-is@1.6.12
51 silly idealTree ├── typedarray@0.0.6
51 silly idealTree ├─┬ uglify-js@2.6.2
51 silly idealTree │ └── async@0.2.10
51 silly idealTree ├── uglify-to-browserify@1.0.2
51 silly idealTree ├── uid-safe@2.0.0
51 silly idealTree ├── underscore.string@2.2.1
51 silly idealTree ├── underscore@1.7.0
51 silly idealTree ├── unpipe@1.0.0
51 silly idealTree ├── uri-path@1.0.0
51 silly idealTree ├── util-deprecate@1.0.2
51 silly idealTree ├── util@0.10.3
51 silly idealTree ├── utils-merge@1.0.0
51 silly idealTree ├── validate-npm-package-license@3.0.1
51 silly idealTree ├── vary@1.0.1
51 silly idealTree ├── which@1.0.9
51 silly idealTree ├── window-size@0.1.0
51 silly idealTree ├── wordwrap@0.0.2
51 silly idealTree └─┬ yargs@3.10.0
51 silly idealTree   └── camelcase@1.2.1
52 silly generateActionsToTake Starting
53 silly install generateActionsToTake
54 silly generateActionsToTake Finishing
55 silly diffTrees action count 6
56 silly diffTrees update angular-fullscreen@2.0.0
57 silly diffTrees update angular-messages@1.5.3
58 silly diffTrees update connect-flash@0.1.1
59 silly diffTrees update mongoose@4.4.11
60 silly diffTrees add node@0.0.0
61 silly diffTrees update passport-remember-me@0.0.1
62 silly decomposeActions action count 48
63 silly decomposeActions fetch angular-fullscreen@2.0.0
64 silly decomposeActions extract angular-fullscreen@2.0.0
65 silly decomposeActions test angular-fullscreen@2.0.0
66 silly decomposeActions preinstall angular-fullscreen@2.0.0
67 silly decomposeActions build angular-fullscreen@2.0.0
68 silly decomposeActions install angular-fullscreen@2.0.0
69 silly decomposeActions postinstall angular-fullscreen@2.0.0
70 silly decomposeActions finalize angular-fullscreen@2.0.0
71 silly decomposeActions fetch angular-messages@1.5.3
72 silly decomposeActions extract angular-messages@1.5.3
73 silly decomposeActions test angular-messages@1.5.3
74 silly decomposeActions preinstall angular-messages@1.5.3
75 silly decomposeActions build angular-messages@1.5.3
76 silly decomposeActions install angular-messages@1.5.3
77 silly decomposeActions postinstall angular-messages@1.5.3
78 silly decomposeActions finalize angular-messages@1.5.3
79 silly decomposeActions fetch connect-flash@0.1.1
80 silly decomposeActions extract connect-flash@0.1.1
81 silly decomposeActions test connect-flash@0.1.1
82 silly decomposeActions preinstall connect-flash@0.1.1
83 silly decomposeActions build connect-flash@0.1.1
84 silly decomposeActions install connect-flash@0.1.1
85 silly decomposeActions postinstall connect-flash@0.1.1
86 silly decomposeActions finalize connect-flash@0.1.1
87 silly decomposeActions fetch mongoose@4.4.11
88 silly decomposeActions extract mongoose@4.4.11
89 silly decomposeActions test mongoose@4.4.11
90 silly decomposeActions preinstall mongoose@4.4.11
91 silly decomposeActions build mongoose@4.4.11
92 silly decomposeActions install mongoose@4.4.11
93 silly decomposeActions postinstall mongoose@4.4.11
94 silly decomposeActions finalize mongoose@4.4.11
95 silly decomposeActions fetch node@0.0.0
96 silly decomposeActions extract node@0.0.0
97 silly decomposeActions test node@0.0.0
98 silly decomposeActions preinstall node@0.0.0
99 silly decomposeActions build node@0.0.0
100 silly decomposeActions install node@0.0.0
101 silly decomposeActions postinstall node@0.0.0
102 silly decomposeActions finalize node@0.0.0
103 silly decomposeActions fetch passport-remember-me@0.0.1
104 silly decomposeActions extract passport-remember-me@0.0.1
105 silly decomposeActions test passport-remember-me@0.0.1
106 silly decomposeActions preinstall passport-remember-me@0.0.1
107 silly decomposeActions build passport-remember-me@0.0.1
108 silly decomposeActions install passport-remember-me@0.0.1
109 silly decomposeActions postinstall passport-remember-me@0.0.1
110 silly decomposeActions finalize passport-remember-me@0.0.1
111 silly executeActions Starting
112 silly install executeActions
113 silly doSerial global-install 0
114 silly doParallel fetch 6
115 verbose correctMkdir /Users/Brady/.npm/_locks correctMkdir not in flight; initializing
116 verbose lock using /Users/Brady/.npm/_locks/staging-3d1398613bf20e54.lock for /Users/Brady/Desktop/Prime_Digital_Academy/Solo_Project/wineapp_solo_project/node_modules/.staging
117 silly doParallel extract 6
118 silly extract angular-fullscreen@2.0.0
119 silly extract angular-messages@1.5.3
120 silly extract connect-flash@0.1.1
121 silly extract mongoose@4.4.11
122 silly extract node@0.0.0
123 silly extract passport-remember-me@0.0.1
124 verbose unbuild node_modules/.staging/angular-fullscreen-61ed7e5a
125 verbose unbuild node_modules/.staging/angular-messages-1f843555
126 verbose unbuild node_modules/.staging/connect-flash-d065f896
127 verbose unbuild node_modules/.staging/mongoose-fd547c32
128 verbose unbuild node_modules/.staging/node-bd5cad75
129 verbose unbuild node_modules/.staging/passport-remember-me-6a53500b
130 silly gentlyRm /Users/Brady/Desktop/Prime_Digital_Academy/Solo_Project/wineapp_solo_project/node_modules/.staging/angular-fullscreen-61ed7e5a is being purged from base /Users/Brady/Desktop/Prime_Digital_Academy/Solo_Project/wineapp_solo_project
131 verbose gentlyRm don't care about contents; nuking /Users/Brady/Desktop/Prime_Digital_Academy/Solo_Project/wineapp_solo_project/node_modules/.staging/angular-fullscreen-61ed7e5a
132 silly gentlyRm /Users/Brady/Desktop/Prime_Digital_Academy/Solo_Project/wineapp_solo_project/node_modules/.staging/angular-messages-1f843555 is being purged from base /Users/Brady/Desktop/Prime_Digital_Academy/Solo_Project/wineapp_solo_project
133 verbose gentlyRm don't care about contents; nuking /Users/Brady/Desktop/Prime_Digital_Academy/Solo_Project/wineapp_solo_project/node_modules/.staging/angular-messages-1f843555
134 silly gentlyRm /Users/Brady/Desktop/Prime_Digital_Academy/Solo_Project/wineapp_solo_project/node_modules/.staging/connect-flash-d065f896 is being purged from base /Users/Brady/Desktop/Prime_Digital_Academy/Solo_Project/wineapp_solo_project
135 verbose gentlyRm don't care about contents; nuking /Users/Brady/Desktop/Prime_Digital_Academy/Solo_Project/wineapp_solo_project/node_modules/.staging/connect-flash-d065f896
136 silly gentlyRm /Users/Brady/Desktop/Prime_Digital_Academy/Solo_Project/wineapp_solo_project/node_modules/.staging/mongoose-fd547c32 is being purged from base /Users/Brady/Desktop/Prime_Digital_Academy/Solo_Project/wineapp_solo_project
137 verbose gentlyRm don't care about contents; nuking /Users/Brady/Desktop/Prime_Digital_Academy/Solo_Project/wineapp_solo_project/node_modules/.staging/mongoose-fd547c32
138 silly gentlyRm /Users/Brady/Desktop/Prime_Digital_Academy/Solo_Project/wineapp_solo_project/node_modules/.staging/node-bd5cad75 is being purged from base /Users/Brady/Desktop/Prime_Digital_Academy/Solo_Project/wineapp_solo_project
139 verbose gentlyRm don't care about contents; nuking /Users/Brady/Desktop/Prime_Digital_Academy/Solo_Project/wineapp_solo_project/node_modules/.staging/node-bd5cad75
140 silly gentlyRm /Users/Brady/Desktop/Prime_Digital_Academy/Solo_Project/wineapp_solo_project/node_modules/.staging/passport-remember-me-6a53500b is being purged from base /Users/Brady/Desktop/Prime_Digital_Academy/Solo_Project/wineapp_solo_project
141 verbose gentlyRm don't care about contents; nuking /Users/Brady/Desktop/Prime_Digital_Academy/Solo_Project/wineapp_solo_project/node_modules/.staging/passport-remember-me-6a53500b
142 verbose tar unpack /Users/Brady/.npm/angular-fullscreen/2.0.0/package.tgz
143 verbose tar unpacking to /Users/Brady/Desktop/Prime_Digital_Academy/Solo_Project/wineapp_solo_project/node_modules/.staging/angular-fullscreen-61ed7e5a
144 silly gentlyRm /Users/Brady/Desktop/Prime_Digital_Academy/Solo_Project/wineapp_solo_project/node_modules/.staging/angular-fullscreen-61ed7e5a is being purged
145 verbose gentlyRm don't care about contents; nuking /Users/Brady/Desktop/Prime_Digital_Academy/Solo_Project/wineapp_solo_project/node_modules/.staging/angular-fullscreen-61ed7e5a
146 verbose tar unpack /Users/Brady/.npm/angular-messages/1.5.3/package.tgz
147 verbose tar unpacking to /Users/Brady/Desktop/Prime_Digital_Academy/Solo_Project/wineapp_solo_project/node_modules/.staging/angular-messages-1f843555
148 silly gentlyRm /Users/Brady/Desktop/Prime_Digital_Academy/Solo_Project/wineapp_solo_project/node_modules/.staging/angular-messages-1f843555 is being purged
149 verbose gentlyRm don't care about contents; nuking /Users/Brady/Desktop/Prime_Digital_Academy/Solo_Project/wineapp_solo_project/node_modules/.staging/angular-messages-1f843555
150 verbose tar unpack /Users/Brady/.npm/connect-flash/0.1.1/package.tgz
151 verbose tar unpacking to /Users/Brady/Desktop/Prime_Digital_Academy/Solo_Project/wineapp_solo_project/node_modules/.staging/connect-flash-d065f896
152 silly gentlyRm /Users/Brady/Desktop/Prime_Digital_Academy/Solo_Project/wineapp_solo_project/node_modules/.staging/connect-flash-d065f896 is being purged
153 verbose gentlyRm don't care about contents; nuking /Users/Brady/Desktop/Prime_Digital_Academy/Solo_Project/wineapp_solo_project/node_modules/.staging/connect-flash-d065f896
154 verbose tar unpack /Users/Brady/.npm/mongoose/4.4.11/package.tgz
155 verbose tar unpacking to /Users/Brady/Desktop/Prime_Digital_Academy/Solo_Project/wineapp_solo_project/node_modules/.staging/mongoose-fd547c32
156 silly gentlyRm /Users/Brady/Desktop/Prime_Digital_Academy/Solo_Project/wineapp_solo_project/node_modules/.staging/mongoose-fd547c32 is being purged
157 verbose gentlyRm don't care about contents; nuking /Users/Brady/Desktop/Prime_Digital_Academy/Solo_Project/wineapp_solo_project/node_modules/.staging/mongoose-fd547c32
158 verbose tar unpack /Users/Brady/.npm/node/0.0.0/package.tgz
159 verbose tar unpacking to /Users/Brady/Desktop/Prime_Digital_Academy/Solo_Project/wineapp_solo_project/node_modules/.staging/node-bd5cad75
160 silly gentlyRm /Users/Brady/Desktop/Prime_Digital_Academy/Solo_Project/wineapp_solo_project/node_modules/.staging/node-bd5cad75 is being purged
161 verbose gentlyRm don't care about contents; nuking /Users/Brady/Desktop/Prime_Digital_Academy/Solo_Project/wineapp_solo_project/node_modules/.staging/node-bd5cad75
162 verbose tar unpack /Users/Brady/.npm/passport-remember-me/0.0.1/package.tgz
163 verbose tar unpacking to /Users/Brady/Desktop/Prime_Digital_Academy/Solo_Project/wineapp_solo_project/node_modules/.staging/passport-remember-me-6a53500b
164 silly gentlyRm /Users/Brady/Desktop/Prime_Digital_Academy/Solo_Project/wineapp_solo_project/node_modules/.staging/passport-remember-me-6a53500b is being purged
165 verbose gentlyRm don't care about contents; nuking /Users/Brady/Desktop/Prime_Digital_Academy/Solo_Project/wineapp_solo_project/node_modules/.staging/passport-remember-me-6a53500b
166 silly gunzTarPerm modes [ '755', '644' ]
167 silly gunzTarPerm modes [ '755', '644' ]
168 silly gunzTarPerm modes [ '755', '644' ]
169 silly gunzTarPerm modes [ '755', '644' ]
170 silly gunzTarPerm modes [ '755', '644' ]
171 silly gunzTarPerm modes [ '755', '644' ]
172 silly gunzTarPerm extractEntry package.json
173 silly gunzTarPerm extractEntry package.json
174 silly gunzTarPerm extractEntry package.json
175 silly gunzTarPerm extractEntry package.json
176 silly gunzTarPerm modified mode [ 'package.json', 436, 420 ]
177 silly gunzTarPerm extractEntry package.json
178 silly gunzTarPerm extractEntry package.json
179 silly gunzTarPerm extractEntry .npmignore
180 silly gunzTarPerm extractEntry README.md
181 silly gunzTarPerm extractEntry README.md
182 silly gunzTarPerm extractEntry angular-messages.js
183 silly gunzTarPerm extractEntry README.md
184 silly gunzTarPerm extractEntry LICENSE
185 silly gunzTarPerm extractEntry .npmignore
186 silly gunzTarPerm modified mode [ '.npmignore', 436, 420 ]
187 silly gunzTarPerm extractEntry README.md
188 silly gunzTarPerm modified mode [ 'README.md', 436, 420 ]
189 silly gunzTarPerm extractEntry README.md
190 silly gunzTarPerm extractEntry LICENSE
191 silly gunzTarPerm extractEntry index.js
192 silly gunzTarPerm extractEntry directive/_base.js
193 silly gunzTarPerm extractEntry .travis.yml
194 silly gunzTarPerm extractEntry lib/index.js
195 silly gunzTarPerm extractEntry website.js
196 silly gunzTarPerm modified mode [ 'website.js', 436, 420 ]
197 silly gunzTarPerm extractEntry angular-messages.min.js
198 silly gunzTarPerm extractEntry .travis.yml
199 silly gunzTarPerm extractEntry lib/flash.js
200 silly gunzTarPerm extractEntry index.js
201 silly gunzTarPerm modified mode [ 'index.js', 436, 420 ]
202 silly gunzTarPerm extractEntry directive/expand.js
203 silly gunzTarPerm extractEntry directive/gather.js
204 silly gunzTarPerm extractEntry static.js
205 silly gunzTarPerm modified mode [ 'static.js', 436, 420 ]
206 silly gunzTarPerm extractEntry .eslintrc.yml
207 silly gunzTarPerm modified mode [ '.eslintrc.yml', 436, 420 ]
208 silly gunzTarPerm extractEntry lib/strategy.js
209 silly gunzTarPerm extractEntry lib/utils.js
210 silly gentlyRm /Users/Brady/Desktop/Prime_Digital_Academy/Solo_Project/wineapp_solo_project/node_modules/.staging/node-bd5cad75/node_modules is being purged
211 verbose gentlyRm don't care about contents; nuking /Users/Brady/Desktop/Prime_Digital_Academy/Solo_Project/wineapp_solo_project/node_modules/.staging/node-bd5cad75/node_modules
212 silly gunzTarPerm extractEntry lib/index.js
213 silly gunzTarPerm extractEntry index.js
214 silly gunzTarPerm extractEntry angular-messages.min.js.map
215 silly gunzTarPerm extractEntry bower.json
216 silly gunzTarPerm extractEntry directive/toggle.js
217 silly gunzTarPerm extractEntry service/index.js
218 silly gunzTarPerm extractEntry .eslintignore
219 silly gunzTarPerm modified mode [ '.eslintignore', 436, 420 ]
220 silly gunzTarPerm extractEntry .travis.yml
221 silly gunzTarPerm modified mode [ '.travis.yml', 436, 420 ]
222 silly gunzTarPerm extractEntry test/service.spec.js
223 silly gunzTarPerm extractEntry test/setup.js
224 silly gunzTarPerm extractEntry test/directive/expand.spec.js
225 silly gunzTarPerm extractEntry test/directive/gather.spec.js
226 silly gunzTarPerm extractEntry test/directive/toggle.spec.js
227 silly gunzTarPerm extractEntry test/mocks/body.js
228 silly gunzTarPerm extractEntry test/mocks/document.js
229 silly gunzTarPerm extractEntry test/mocks/screenfull.js
230 silly gunzTarPerm extractEntry lib/ES6Promise.js
231 silly gunzTarPerm modified mode [ 'lib/ES6Promise.js', 436, 420 ]
232 silly gunzTarPerm extractEntry lib/document.js
233 silly gunzTarPerm modified mode [ 'lib/document.js', 436, 420 ]
234 silly gunzTarPerm extractEntry lib/document_provider.js
235 silly gunzTarPerm modified mode [ 'lib/document_provider.js', 436, 420 ]
236 silly gunzTarPerm extractEntry lib/utils.js
237 silly gunzTarPerm modified mode [ 'lib/utils.js', 436, 420 ]
238 silly gunzTarPerm extractEntry lib/statemachine.js
239 silly gunzTarPerm modified mode [ 'lib/statemachine.js', 436, 420 ]
240 silly gunzTarPerm extractEntry lib/connectionstate.js
241 silly gunzTarPerm modified mode [ 'lib/connectionstate.js', 436, 420 ]
242 silly gunzTarPerm extractEntry lib/index.js
243 silly gunzTarPerm modified mode [ 'lib/index.js', 436, 420 ]
244 silly gunzTarPerm extractEntry lib/aggregate.js
245 silly gunzTarPerm modified mode [ 'lib/aggregate.js', 436, 420 ]
246 silly gentlyRm /Users/Brady/Desktop/Prime_Digital_Academy/Solo_Project/wineapp_solo_project/node_modules/.staging/connect-flash-d065f896/node_modules is being purged
247 verbose gentlyRm don't care about contents; nuking /Users/Brady/Desktop/Prime_Digital_Academy/Solo_Project/wineapp_solo_project/node_modules/.staging/connect-flash-d065f896/node_modules
248 silly gunzTarPerm extractEntry lib/model.js
249 silly gunzTarPerm modified mode [ 'lib/model.js', 436, 420 ]
250 silly gunzTarPerm extractEntry lib/promise.js
251 silly gunzTarPerm modified mode [ 'lib/promise.js', 436, 420 ]
252 silly gentlyRm /Users/Brady/Desktop/Prime_Digital_Academy/Solo_Project/wineapp_solo_project/node_modules/.staging/passport-remember-me-6a53500b/node_modules is being purged
253 verbose gentlyRm don't care about contents; nuking /Users/Brady/Desktop/Prime_Digital_Academy/Solo_Project/wineapp_solo_project/node_modules/.staging/passport-remember-me-6a53500b/node_modules
254 silly gunzTarPerm extractEntry lib/promise_provider.js
255 silly gunzTarPerm modified mode [ 'lib/promise_provider.js', 436, 420 ]
256 silly gunzTarPerm extractEntry lib/connection.js
257 silly gunzTarPerm modified mode [ 'lib/connection.js', 436, 420 ]
258 silly gentlyRm /Users/Brady/Desktop/Prime_Digital_Academy/Solo_Project/wineapp_solo_project/node_modules/.staging/angular-messages-1f843555/node_modules is being purged
259 verbose gentlyRm don't care about contents; nuking /Users/Brady/Desktop/Prime_Digital_Academy/Solo_Project/wineapp_solo_project/node_modules/.staging/angular-messages-1f843555/node_modules
260 silly gunzTarPerm extractEntry lib/query.js
261 silly gunzTarPerm modified mode [ 'lib/query.js', 436, 420 ]
262 silly gunzTarPerm extractEntry lib/collection.js
263 silly gunzTarPerm modified mode [ 'lib/collection.js', 436, 420 ]
264 silly gunzTarPerm extractEntry lib/queryhelpers.js
265 silly gunzTarPerm modified mode [ 'lib/queryhelpers.js', 436, 420 ]
266 silly gunzTarPerm extractEntry lib/cast.js
267 silly gunzTarPerm modified mode [ 'lib/cast.js', 436, 420 ]
268 silly gunzTarPerm extractEntry lib/querystream.js
269 silly gunzTarPerm modified mode [ 'lib/querystream.js', 436, 420 ]
270 silly gunzTarPerm extractEntry lib/browserDocument.js
271 silly gunzTarPerm modified mode [ 'lib/browserDocument.js', 436, 420 ]
272 silly gunzTarPerm extractEntry lib/schematype.js
273 silly gunzTarPerm modified mode [ 'lib/schematype.js', 436, 420 ]
274 silly gunzTarPerm extractEntry lib/browser.js
275 silly gunzTarPerm modified mode [ 'lib/browser.js', 436, 420 ]
276 silly gunzTarPerm extractEntry lib/schema.js
277 silly gunzTarPerm modified mode [ 'lib/schema.js', 436, 420 ]
278 silly gunzTarPerm extractEntry lib/error.js
279 silly gunzTarPerm modified mode [ 'lib/error.js', 436, 420 ]
280 silly gunzTarPerm extractEntry lib/virtualtype.js
281 silly gunzTarPerm modified mode [ 'lib/virtualtype.js', 436, 420 ]
282 silly gunzTarPerm extractEntry lib/internal.js
283 silly gunzTarPerm modified mode [ 'lib/internal.js', 436, 420 ]
284 silly gunzTarPerm extractEntry lib/schema/array.js
285 silly gunzTarPerm modified mode [ 'lib/schema/array.js', 436, 420 ]
286 silly gunzTarPerm extractEntry lib/schema/buffer.js
287 silly gunzTarPerm modified mode [ 'lib/schema/buffer.js', 436, 420 ]
288 silly gunzTarPerm extractEntry lib/schema/date.js
289 silly gunzTarPerm modified mode [ 'lib/schema/date.js', 436, 420 ]
290 silly gunzTarPerm extractEntry lib/schema/documentarray.js
291 silly gunzTarPerm modified mode [ 'lib/schema/documentarray.js', 436, 420 ]
292 silly gunzTarPerm extractEntry lib/schema/embedded.js
293 silly gunzTarPerm modified mode [ 'lib/schema/embedded.js', 436, 420 ]
294 silly gunzTarPerm extractEntry lib/schema/boolean.js
295 silly gunzTarPerm modified mode [ 'lib/schema/boolean.js', 436, 420 ]
296 silly gentlyRm /Users/Brady/Desktop/Prime_Digital_Academy/Solo_Project/wineapp_solo_project/node_modules/.staging/angular-fullscreen-61ed7e5a/node_modules is being purged
297 verbose gentlyRm don't care about contents; nuking /Users/Brady/Desktop/Prime_Digital_Academy/Solo_Project/wineapp_solo_project/node_modules/.staging/angular-fullscreen-61ed7e5a/node_modules
298 silly gunzTarPerm extractEntry lib/schema/mixed.js
299 silly gunzTarPerm modified mode [ 'lib/schema/mixed.js', 436, 420 ]
300 silly gunzTarPerm extractEntry lib/schema/number.js
301 silly gunzTarPerm modified mode [ 'lib/schema/number.js', 436, 420 ]
302 silly gunzTarPerm extractEntry lib/schema/objectid.js
303 silly gunzTarPerm modified mode [ 'lib/schema/objectid.js', 436, 420 ]
304 silly gunzTarPerm extractEntry lib/schema/string.js
305 silly gunzTarPerm modified mode [ 'lib/schema/string.js', 436, 420 ]
306 silly gunzTarPerm extractEntry lib/schema/index.js
307 silly gunzTarPerm modified mode [ 'lib/schema/index.js', 436, 420 ]
308 silly gunzTarPerm extractEntry lib/schema/operators/bitwise.js
309 silly gunzTarPerm modified mode [ 'lib/schema/operators/bitwise.js', 436, 420 ]
310 silly gunzTarPerm extractEntry lib/services/updateValidators.js
311 silly gunzTarPerm modified mode [ 'lib/services/updateValidators.js', 436, 420 ]
312 silly gunzTarPerm extractEntry lib/error/browserMissingSchema.js
313 silly gunzTarPerm modified mode [ 'lib/error/browserMissingSchema.js', 436, 420 ]
314 silly gunzTarPerm extractEntry lib/error/divergentArray.js
315 silly gunzTarPerm modified mode [ 'lib/error/divergentArray.js', 436, 420 ]
316 silly gunzTarPerm extractEntry lib/error/messages.js
317 silly gunzTarPerm modified mode [ 'lib/error/messages.js', 436, 420 ]
318 silly gunzTarPerm extractEntry lib/error/missingSchema.js
319 silly gunzTarPerm modified mode [ 'lib/error/missingSchema.js', 436, 420 ]
320 silly gunzTarPerm extractEntry lib/error/cast.js
321 silly gunzTarPerm modified mode [ 'lib/error/cast.js', 436, 420 ]
322 silly gunzTarPerm extractEntry lib/error/overwriteModel.js
323 silly gunzTarPerm modified mode [ 'lib/error/overwriteModel.js', 436, 420 ]
324 silly gunzTarPerm extractEntry lib/error/strict.js
325 silly gunzTarPerm modified mode [ 'lib/error/strict.js', 436, 420 ]
326 silly gunzTarPerm extractEntry lib/error/validation.js
327 silly gunzTarPerm modified mode [ 'lib/error/validation.js', 436, 420 ]
328 silly gunzTarPerm extractEntry lib/error/validator.js
329 silly gunzTarPerm modified mode [ 'lib/error/validator.js', 436, 420 ]
330 silly gunzTarPerm extractEntry lib/error/version.js
331 silly gunzTarPerm modified mode [ 'lib/error/version.js', 436, 420 ]
332 silly gunzTarPerm extractEntry lib/error/objectExpected.js
333 silly gunzTarPerm modified mode [ 'lib/error/objectExpected.js', 436, 420 ]
334 silly gunzTarPerm extractEntry lib/types/array.js
335 silly gunzTarPerm modified mode [ 'lib/types/array.js', 436, 420 ]
336 silly gunzTarPerm extractEntry lib/types/buffer.js
337 silly gunzTarPerm modified mode [ 'lib/types/buffer.js', 436, 420 ]
338 silly gunzTarPerm extractEntry lib/types/documentarray.js
339 silly gunzTarPerm modified mode [ 'lib/types/documentarray.js', 436, 420 ]
340 silly gunzTarPerm extractEntry lib/types/embedded.js
341 silly gunzTarPerm modified mode [ 'lib/types/embedded.js', 436, 420 ]
342 silly gunzTarPerm extractEntry lib/types/index.js
343 silly gunzTarPerm modified mode [ 'lib/types/index.js', 436, 420 ]
344 silly gunzTarPerm extractEntry lib/types/objectid.js
345 silly gunzTarPerm modified mode [ 'lib/types/objectid.js', 436, 420 ]
346 silly gunzTarPerm extractEntry lib/types/subdocument.js
347 silly gunzTarPerm modified mode [ 'lib/types/subdocument.js', 436, 420 ]
348 silly gunzTarPerm extractEntry lib/drivers/index.js
349 silly gunzTarPerm modified mode [ 'lib/drivers/index.js', 436, 420 ]
350 silly gunzTarPerm extractEntry lib/drivers/SPEC.md
351 silly gunzTarPerm modified mode [ 'lib/drivers/SPEC.md', 436, 420 ]
352 silly gunzTarPerm extractEntry lib/drivers/browser/ReadPreference.js
353 silly gunzTarPerm modified mode [ 'lib/drivers/browser/ReadPreference.js', 436, 420 ]
354 silly gunzTarPerm extractEntry lib/drivers/browser/binary.js
355 silly gunzTarPerm modified mode [ 'lib/drivers/browser/binary.js', 436, 420 ]
356 silly gunzTarPerm extractEntry lib/drivers/browser/index.js
357 silly gunzTarPerm modified mode [ 'lib/drivers/browser/index.js', 436, 420 ]
358 silly gunzTarPerm extractEntry lib/drivers/browser/objectid.js
359 silly gunzTarPerm modified mode [ 'lib/drivers/browser/objectid.js', 436, 420 ]
360 silly gunzTarPerm extractEntry lib/drivers/node-mongodb-native/ReadPreference.js
361 silly gunzTarPerm modified mode [ 'lib/drivers/node-mongodb-native/ReadPreference.js', 436, 420 ]
362 silly gunzTarPerm extractEntry lib/drivers/node-mongodb-native/binary.js
363 silly gunzTarPerm modified mode [ 'lib/drivers/node-mongodb-native/binary.js', 436, 420 ]
364 silly gunzTarPerm extractEntry lib/drivers/node-mongodb-native/collection.js
365 silly gunzTarPerm modified mode [ 'lib/drivers/node-mongodb-native/collection.js', 436, 420 ]
366 silly gunzTarPerm extractEntry lib/drivers/node-mongodb-native/connection.js
367 silly gunzTarPerm modified mode [ 'lib/drivers/node-mongodb-native/connection.js', 436, 420 ]
368 silly gunzTarPerm extractEntry lib/drivers/node-mongodb-native/index.js
369 silly gunzTarPerm modified mode [ 'lib/drivers/node-mongodb-native/index.js', 436, 420 ]
370 silly gunzTarPerm extractEntry lib/drivers/node-mongodb-native/objectid.js
371 silly gunzTarPerm modified mode [ 'lib/drivers/node-mongodb-native/objectid.js', 436, 420 ]
372 silly gunzTarPerm extractEntry CONTRIBUTING.md
373 silly gunzTarPerm modified mode [ 'CONTRIBUTING.md', 436, 420 ]
374 silly gunzTarPerm extractEntry release-items.md
375 silly gunzTarPerm modified mode [ 'release-items.md', 436, 420 ]
376 silly gunzTarPerm extractEntry History.md
377 silly gunzTarPerm modified mode [ 'History.md', 436, 420 ]
378 silly gunzTarPerm extractEntry examples/README.md
379 silly gunzTarPerm modified mode [ 'examples/README.md', 436, 420 ]
380 silly gunzTarPerm extractEntry examples/doc-methods.js
381 silly gunzTarPerm modified mode [ 'examples/doc-methods.js', 436, 420 ]
382 silly gunzTarPerm extractEntry examples/statics/person.js
383 silly gunzTarPerm modified mode [ 'examples/statics/person.js', 436, 420 ]
384 silly gunzTarPerm extractEntry examples/statics/statics.js
385 silly gunzTarPerm modified mode [ 'examples/statics/statics.js', 436, 420 ]
386 silly gunzTarPerm extractEntry examples/express/README.md
387 silly gunzTarPerm modified mode [ 'examples/express/README.md', 436, 420 ]
388 silly gunzTarPerm extractEntry examples/express/connection-sharing/package.json
389 silly gunzTarPerm modified mode [ 'examples/express/connection-sharing/package.json', 436, 420 ]
390 silly gunzTarPerm extractEntry examples/express/connection-sharing/README.md
391 silly gunzTarPerm modified mode [ 'examples/express/connection-sharing/README.md', 436, 420 ]
392 silly gunzTarPerm extractEntry examples/express/connection-sharing/app.js
393 silly gunzTarPerm modified mode [ 'examples/express/connection-sharing/app.js', 436, 420 ]
394 silly gunzTarPerm extractEntry examples/express/connection-sharing/modelA.js
395 silly gunzTarPerm modified mode [ 'examples/express/connection-sharing/modelA.js', 436, 420 ]
396 silly gunzTarPerm extractEntry examples/express/connection-sharing/routes.js
397 silly gunzTarPerm modified mode [ 'examples/express/connection-sharing/routes.js', 436, 420 ]
398 silly gunzTarPerm extractEntry examples/geospatial/package.json
399 silly gunzTarPerm modified mode [ 'examples/geospatial/package.json', 436, 420 ]
400 silly gunzTarPerm extractEntry examples/geospatial/geoJSONSchema.js
401 silly gunzTarPerm modified mode [ 'examples/geospatial/geoJSONSchema.js', 436, 420 ]
402 silly gunzTarPerm extractEntry examples/geospatial/geoJSONexample.js
403 silly gunzTarPerm modified mode [ 'examples/geospatial/geoJSONexample.js', 436, 420 ]
404 silly gunzTarPerm extractEntry examples/geospatial/geospatial.js
405 silly gunzTarPerm modified mode [ 'examples/geospatial/geospatial.js', 436, 420 ]
406 silly gunzTarPerm extractEntry examples/geospatial/person.js
407 silly gunzTarPerm modified mode [ 'examples/geospatial/person.js', 436, 420 ]
408 silly gunzTarPerm extractEntry examples/globalschemas/gs_example.js
409 silly gunzTarPerm modified mode [ 'examples/globalschemas/gs_example.js', 436, 420 ]
410 silly gunzTarPerm extractEntry examples/globalschemas/person.js
411 silly gunzTarPerm modified mode [ 'examples/globalschemas/person.js', 436, 420 ]
412 silly gunzTarPerm extractEntry examples/lean/package.json
413 silly gunzTarPerm modified mode [ 'examples/lean/package.json', 436, 420 ]
414 silly gunzTarPerm extractEntry examples/lean/lean.js
415 silly gunzTarPerm modified mode [ 'examples/lean/lean.js', 436, 420 ]
416 silly gunzTarPerm extractEntry examples/lean/person.js
417 silly gunzTarPerm modified mode [ 'examples/lean/person.js', 436, 420 ]
418 silly gunzTarPerm extractEntry examples/aggregate/package.json
419 silly gunzTarPerm modified mode [ 'examples/aggregate/package.json', 436, 420 ]
420 silly gunzTarPerm extractEntry examples/aggregate/aggregate.js
421 silly gunzTarPerm modified mode [ 'examples/aggregate/aggregate.js', 436, 420 ]
422 silly gunzTarPerm extractEntry examples/aggregate/person.js
423 silly gunzTarPerm modified mode [ 'examples/aggregate/person.js', 436, 420 ]
424 silly gunzTarPerm extractEntry examples/population/population-across-three-collections.js
425 silly gunzTarPerm modified mode [ 'examples/population/population-across-three-collections.js',
425 silly gunzTarPerm   436,
425 silly gunzTarPerm   420 ]
426 silly gunzTarPerm extractEntry examples/population/population-basic.js
427 silly gunzTarPerm modified mode [ 'examples/population/population-basic.js', 436, 420 ]
428 silly gunzTarPerm extractEntry examples/population/population-of-existing-doc.js
429 silly gunzTarPerm modified mode [ 'examples/population/population-of-existing-doc.js', 436, 420 ]
430 silly gunzTarPerm extractEntry examples/population/population-of-multiple-existing-docs.js
431 silly gunzTarPerm modified mode [ 'examples/population/population-of-multiple-existing-docs.js',
431 silly gunzTarPerm   436,
431 silly gunzTarPerm   420 ]
432 silly gunzTarPerm extractEntry examples/population/population-options.js
433 silly gunzTarPerm modified mode [ 'examples/population/population-options.js', 436, 420 ]
434 silly gunzTarPerm extractEntry examples/population/population-plain-objects.js
435 silly gunzTarPerm modified mode [ 'examples/population/population-plain-objects.js', 436, 420 ]
436 silly gunzTarPerm extractEntry examples/promises/package.json
437 silly gunzTarPerm modified mode [ 'examples/promises/package.json', 436, 420 ]
438 silly gunzTarPerm extractEntry examples/promises/person.js
439 silly gunzTarPerm modified mode [ 'examples/promises/person.js', 436, 420 ]
440 silly gunzTarPerm extractEntry examples/promises/promise.js
441 silly gunzTarPerm modified mode [ 'examples/promises/promise.js', 436, 420 ]
442 silly gunzTarPerm extractEntry examples/querybuilder/package.json
443 silly gunzTarPerm modified mode [ 'examples/querybuilder/package.json', 436, 420 ]
444 silly gunzTarPerm extractEntry examples/querybuilder/person.js
445 silly gunzTarPerm modified mode [ 'examples/querybuilder/person.js', 436, 420 ]
446 silly gunzTarPerm extractEntry examples/querybuilder/querybuilder.js
447 silly gunzTarPerm modified mode [ 'examples/querybuilder/querybuilder.js', 436, 420 ]
448 silly gunzTarPerm extractEntry examples/replicasets/package.json
449 silly gunzTarPerm modified mode [ 'examples/replicasets/package.json', 436, 420 ]
450 silly gunzTarPerm extractEntry examples/replicasets/person.js
451 silly gunzTarPerm modified mode [ 'examples/replicasets/person.js', 436, 420 ]
452 silly gunzTarPerm extractEntry examples/replicasets/replica-sets.js
453 silly gunzTarPerm modified mode [ 'examples/replicasets/replica-sets.js', 436, 420 ]
454 silly gunzTarPerm extractEntry examples/schema/schema.js
455 silly gunzTarPerm modified mode [ 'examples/schema/schema.js', 436, 420 ]
456 silly gunzTarPerm extractEntry examples/schema/storing-schemas-as-json/index.js
457 silly gunzTarPerm modified mode [ 'examples/schema/storing-schemas-as-json/index.js', 436, 420 ]
458 silly gunzTarPerm extractEntry examples/schema/storing-schemas-as-json/schema.json
459 silly gunzTarPerm modified mode [ 'examples/schema/storing-schemas-as-json/schema.json',
459 silly gunzTarPerm   436,
459 silly gunzTarPerm   420 ]
460 silly gunzTarPerm extractEntry examples/mapreduce/package.json
461 silly gunzTarPerm modified mode [ 'examples/mapreduce/package.json', 436, 420 ]
462 silly gunzTarPerm extractEntry examples/mapreduce/mapreduce.js
463 silly gunzTarPerm modified mode [ 'examples/mapreduce/mapreduce.js', 436, 420 ]
464 silly gunzTarPerm extractEntry examples/mapreduce/person.js
465 silly gunzTarPerm modified mode [ 'examples/mapreduce/person.js', 436, 420 ]
466 silly gentlyRm /Users/Brady/Desktop/Prime_Digital_Academy/Solo_Project/wineapp_solo_project/node_modules/.staging/mongoose-fd547c32/node_modules is being purged
467 verbose gentlyRm don't care about contents; nuking /Users/Brady/Desktop/Prime_Digital_Academy/Solo_Project/wineapp_solo_project/node_modules/.staging/mongoose-fd547c32/node_modules
468 silly doParallel preinstall 6
469 silly preinstall angular-fullscreen@2.0.0 /Users/Brady/Desktop/Prime_Digital_Academy/Solo_Project/wineapp_solo_project/node_modules/.staging/angular-fullscreen-61ed7e5a
470 info lifecycle angular-fullscreen@2.0.0~preinstall: angular-fullscreen@2.0.0
471 silly preinstall angular-messages@1.5.3 /Users/Brady/Desktop/Prime_Digital_Academy/Solo_Project/wineapp_solo_project/node_modules/.staging/angular-messages-1f843555
472 info lifecycle angular-messages@1.5.3~preinstall: angular-messages@1.5.3
473 silly preinstall connect-flash@0.1.1 /Users/Brady/Desktop/Prime_Digital_Academy/Solo_Project/wineapp_solo_project/node_modules/.staging/connect-flash-d065f896
474 info lifecycle connect-flash@0.1.1~preinstall: connect-flash@0.1.1
475 silly preinstall mongoose@4.4.11 /Users/Brady/Desktop/Prime_Digital_Academy/Solo_Project/wineapp_solo_project/node_modules/.staging/mongoose-fd547c32
476 info lifecycle mongoose@4.4.11~preinstall: mongoose@4.4.11
477 silly preinstall node@0.0.0 /Users/Brady/Desktop/Prime_Digital_Academy/Solo_Project/wineapp_solo_project/node_modules/.staging/node-bd5cad75
478 info lifecycle node@0.0.0~preinstall: node@0.0.0
479 silly preinstall passport-remember-me@0.0.1 /Users/Brady/Desktop/Prime_Digital_Academy/Solo_Project/wineapp_solo_project/node_modules/.staging/passport-remember-me-6a53500b
480 info lifecycle passport-remember-me@0.0.1~preinstall: passport-remember-me@0.0.1
481 silly lifecycle angular-fullscreen@2.0.0~preinstall: no script for preinstall, continuing
482 silly lifecycle angular-messages@1.5.3~preinstall: no script for preinstall, continuing
483 silly lifecycle connect-flash@0.1.1~preinstall: no script for preinstall, continuing
484 silly lifecycle mongoose@4.4.11~preinstall: no script for preinstall, continuing
485 silly lifecycle node@0.0.0~preinstall: no script for preinstall, continuing
486 silly lifecycle passport-remember-me@0.0.1~preinstall: no script for preinstall, continuing
487 silly doReverseSerial remove 0
488 silly doSerial move 0
489 silly doSerial finalize 6
490 silly finalize /Users/Brady/Desktop/Prime_Digital_Academy/Solo_Project/wineapp_solo_project/node_modules/angular-fullscreen
491 verbose unlock done using /Users/Brady/.npm/_locks/staging-3d1398613bf20e54.lock for /Users/Brady/Desktop/Prime_Digital_Academy/Solo_Project/wineapp_solo_project/node_modules/.staging
492 silly rollbackFailedOptional Starting
493 silly rollbackFailedOptional Finishing
494 silly runTopLevelLifecycles Starting
495 silly runTopLevelLifecycles Finishing
496 silly install printInstalled
497 warn wineapp_solo_project@1.0.0 No repository field.
498 verbose stack Error: ENOTEMPTY: directory not empty, rename '/Users/Brady/Desktop/Prime_Digital_Academy/Solo_Project/wineapp_solo_project/node_modules/angular-fullscreen' -> '/Users/Brady/Desktop/Prime_Digital_Academy/Solo_Project/wineapp_solo_project/node_modules/.angular-fullscreen.DELETE'
498 verbose stack     at moveAway (/usr/local/lib/node_modules/npm/lib/install/action/finalize.js:38:5)
498 verbose stack     at destStatted (/usr/local/lib/node_modules/npm/lib/install/action/finalize.js:27:7)
498 verbose stack     at FSReqWrap.oncomplete (fs.js:82:15)
498 verbose stack
498 verbose stack Error: ENOTEMPTY: directory not empty, rename '/Users/Brady/Desktop/Prime_Digital_Academy/Solo_Project/wineapp_solo_project/node_modules/angular-fullscreen' -> '/Users/Brady/Desktop/Prime_Digital_Academy/Solo_Project/wineapp_solo_project/node_modules/.angular-fullscreen.DELETE'
498 verbose stack     at Error (native)
499 verbose cwd /Users/Brady/Desktop/Prime_Digital_Academy/Solo_Project/wineapp_solo_project
500 error Darwin 15.5.0
501 error argv "/usr/local/Cellar/node/5.7.1/bin/node" "/usr/local/bin/npm" "install" "node" "--save"
502 error node v5.7.1
503 error npm  v3.6.0
504 error path /Users/Brady/Desktop/Prime_Digital_Academy/Solo_Project/wineapp_solo_project/node_modules/angular-fullscreen
505 error code ENOTEMPTY
506 error errno -66
507 error syscall rename
508 error ENOTEMPTY: directory not empty, rename '/Users/Brady/Desktop/Prime_Digital_Academy/Solo_Project/wineapp_solo_project/node_modules/angular-fullscreen' -> '/Users/Brady/Desktop/Prime_Digital_Academy/Solo_Project/wineapp_solo_project/node_modules/.angular-fullscreen.DELETE'
509 error If you need help, you may report this error at:
509 error     <https://github.com/npm/npm/issues>
510 verbose exit [ -66, true ]
